2024-12-17 11:15:45.068 [main] INFO  c.prime.backend.BackendApplication - Starting BackendApplication using Java 21.0.2 with PID 21532 (D:\New folder\backend-2\target\classes started by Dhiraj in D:\New folder\backend-2)
2024-12-17 11:15:45.073 [main] INFO  c.prime.backend.BackendApplication - No active profile set, falling back to 1 default profile: "default"
2024-12-17 11:15:46.264 [main] INFO  o.s.d.r.c.RepositoryConfigurationDelegate - Bootstrapping Spring Data JPA repositories in DEFAULT mode.
2024-12-17 11:15:46.385 [main] INFO  o.s.d.r.c.RepositoryConfigurationDelegate - Finished Spring Data repository scanning in 99 ms. Found 2 JPA repository interfaces.
2024-12-17 11:15:48.185 [main] INFO  o.s.b.w.e.tomcat.TomcatWebServer - Tomcat initialized with port 8080 (http)
2024-12-17 11:15:48.213 [main] INFO  o.a.coyote.http11.Http11NioProtocol - Initializing ProtocolHandler ["http-nio-8080"]
2024-12-17 11:15:48.219 [main] INFO  o.a.catalina.core.StandardService - Starting service [Tomcat]
2024-12-17 11:15:48.219 [main] INFO  o.a.catalina.core.StandardEngine - Starting Servlet engine: [Apache Tomcat/10.1.19]
2024-12-17 11:15:48.349 [main] INFO  o.a.c.c.C.[Tomcat].[localhost].[/] - Initializing Spring embedded WebApplicationContext
2024-12-17 11:15:48.349 [main] INFO  o.s.b.w.s.c.ServletWebServerApplicationContext - Root WebApplicationContext: initialization completed in 3169 ms
2024-12-17 11:15:48.774 [main] INFO  o.h.jpa.internal.util.LogHelper - HHH000204: Processing PersistenceUnitInfo [name: default]
2024-12-17 11:15:49.009 [main] INFO  org.hibernate.Version - HHH000412: Hibernate ORM core version 6.4.4.Final
2024-12-17 11:15:49.117 [main] INFO  o.h.c.i.RegionFactoryInitiator - HHH000026: Second-level cache disabled
2024-12-17 11:15:49.574 [main] INFO  o.s.o.j.p.SpringPersistenceUnitInfo - No LoadTimeWeaver setup: ignoring JPA class transformer
2024-12-17 11:15:49.682 [main] INFO  com.zaxxer.hikari.HikariDataSource - application_pool - Starting...
2024-12-17 11:15:50.351 [main] INFO  com.zaxxer.hikari.pool.HikariPool - application_pool - Added connection org.postgresql.jdbc.PgConnection@4f8659d0
2024-12-17 11:15:50.355 [main] INFO  com.zaxxer.hikari.HikariDataSource - application_pool - Start completed.
2024-12-17 11:15:50.456 [main] WARN  org.hibernate.orm.deprecation - HHH90000025: PostgreSQLDialect does not need to be specified explicitly using 'hibernate.dialect' (remove the property setting and it will be selected by default)
2024-12-17 11:15:52.696 [main] INFO  o.h.e.t.j.p.i.JtaPlatformInitiator - HHH000489: No JTA platform available (set 'hibernate.transaction.jta.platform' to enable JTA platform integration)
2024-12-17 11:15:52.738 [main] INFO  o.hibernate.orm.connections.access - HHH10001501: Connection obtained from JdbcConnectionAccess [org.hibernate.engine.jdbc.env.internal.JdbcEnvironmentInitiator$ConnectionProviderJdbcConnectionAccess@36857d32] for (non-JTA) DDL execution was not in auto-commit mode; the Connection 'local transaction' will be committed and the Connection will be set into auto-commit mode.
2024-12-17 11:15:52.810 [main] INFO  o.s.o.j.LocalContainerEntityManagerFactoryBean - Initialized JPA EntityManagerFactory for persistence unit 'default'
2024-12-17 11:15:53.657 [main] INFO  o.s.d.j.r.query.QueryEnhancerFactory - Hibernate is in classpath; If applicable, HQL parser will be used.
2024-12-17 11:15:54.436 [main] INFO  com.prime.backend.config.StartUp - <==============================Application Starting==========================================>
2024-12-17 11:15:54.765 [main] INFO  com.prime.backend.config.StartUp - <=====>***<============>Application Started<===========>***<=================================>
2024-12-17 11:15:55.678 [main] INFO  o.s.s.web.DefaultSecurityFilterChain - Will secure any request with [org.springframework.security.web.session.DisableEncodeUrlFilter@5ce03a9d, org.springframework.security.web.context.request.async.WebAsyncManagerIntegrationFilter@10c67c1c, org.springframework.security.web.context.SecurityContextHolderFilter@fc6cac6, org.springframework.security.web.header.HeaderWriterFilter@603a34e5, org.springframework.web.filter.CorsFilter@1067192a, org.springframework.security.web.authentication.logout.LogoutFilter@d8cece4, com.prime.backend.config.security.jwt.service.JwtAuthFilter@27ac3b6d, org.springframework.security.web.savedrequest.RequestCacheAwareFilter@3d0697da, org.springframework.security.web.servletapi.SecurityContextHolderAwareRequestFilter@4b99f2ed, org.springframework.security.web.authentication.AnonymousAuthenticationFilter@3f7f9d3f, org.springframework.security.web.session.SessionManagementFilter@352d3749, org.springframework.security.web.access.ExceptionTranslationFilter@75693526, org.springframework.security.web.access.intercept.FilterSecurityInterceptor@2a045e85]
2024-12-17 11:15:56.560 [main] WARN  o.s.b.a.f.FreeMarkerAutoConfiguration - Cannot find template location(s): [classpath:/templates/] (please add some templates, check your FreeMarker configuration, or set spring.freemarker.check-template-location=false)
2024-12-17 11:15:56.684 [main] INFO  o.a.coyote.http11.Http11NioProtocol - Starting ProtocolHandler ["http-nio-8080"]
2024-12-17 11:15:56.742 [main] INFO  o.s.b.w.e.tomcat.TomcatWebServer - Tomcat started on port 8080 (http) with context path ''
2024-12-17 11:15:56.762 [main] INFO  c.prime.backend.BackendApplication - Started BackendApplication in 12.764 seconds (process running for 13.586)
2024-12-17 11:20:06.495 [http-nio-8080-exec-1] INFO  o.a.c.c.C.[Tomcat].[localhost].[/] - Initializing Spring DispatcherServlet 'dispatcherServlet'
2024-12-17 11:20:06.495 [http-nio-8080-exec-1] INFO  o.s.web.servlet.DispatcherServlet - Initializing Servlet 'dispatcherServlet'
2024-12-17 11:20:06.510 [http-nio-8080-exec-1] INFO  o.s.web.servlet.DispatcherServlet - Completed initialization in 15 ms
2024-12-17 11:20:07.211 [http-nio-8080-exec-2] INFO  c.p.b.c.s.j.s.UserDetailsServiceImpl - User Authenticated Successfully..!!!
2024-12-17 11:20:08.126 [http-nio-8080-exec-5] INFO  c.p.b.c.s.j.s.UserDetailsServiceImpl - User Authenticated Successfully..!!!
2024-12-17 11:20:21.730 [http-nio-8080-exec-2] INFO  c.p.b.c.s.j.s.UserDetailsServiceImpl - User Authenticated Successfully..!!!
2024-12-17 11:20:21.973 [http-nio-8080-exec-3] INFO  c.p.b.c.s.j.s.UserDetailsServiceImpl - User Authenticated Successfully..!!!
2024-12-17 11:20:28.098 [http-nio-8080-exec-1] INFO  c.p.b.c.s.j.s.UserDetailsServiceImpl - User Authenticated Successfully..!!!
2024-12-17 11:20:28.183 [http-nio-8080-exec-2] INFO  c.p.b.c.s.j.s.UserDetailsServiceImpl - User Authenticated Successfully..!!!
2024-12-17 11:20:41.259 [http-nio-8080-exec-3] INFO  c.p.b.c.s.j.s.UserDetailsServiceImpl - User Authenticated Successfully..!!!
2024-12-17 11:30:17.985 [SpringApplicationShutdownHook] INFO  o.s.o.j.LocalContainerEntityManagerFactoryBean - Closing JPA EntityManagerFactory for persistence unit 'default'
2024-12-17 11:30:18.028 [SpringApplicationShutdownHook] INFO  com.zaxxer.hikari.HikariDataSource - application_pool - Shutdown initiated...
2024-12-17 11:30:18.044 [SpringApplicationShutdownHook] INFO  com.zaxxer.hikari.HikariDataSource - application_pool - Shutdown completed.
